<?xml version="1.0" encoding="UTF-8"?>
<!-- Generated by org.testng.reporters.JUnitReportReporter -->
<testsuite hostname="DESKTOP-3T7H487" failures="0" tests="6" name="selenium.productPanelTest" time="41.499" errors="0" timestamp="2021-03-08T17:43:49 ICT" skipped="0">
  <testcase classname="selenium.productPanelTest" name="loginAccount" time="9.674"/>
  <system-out/>
  <testcase classname="selenium.productPanelTest" name="addProductTest" time="9.045"/>
  <system-out/>
  <testcase classname="selenium.productPanelTest" name="addProductTest" time="8.907"/>
  <system-out/>
  <testcase classname="selenium.productPanelTest" name="addProductTest" time="9.252"/>
  <system-out/>
  <testcase classname="selenium.productPanelTest" name="findProductTest" time="3.247"/>
  <system-out/>
  <testcase classname="selenium.productPanelTest" name="deleteProduct" time="1.374"/>
  <system-out/>
</testsuite> <!-- selenium.productPanelTest -->
