<?xml version="1.0" encoding="UTF-8"?>
<!-- Generated by org.testng.reporters.JUnitReportReporter -->
<testsuite hostname="DESKTOP-3T7H487" failures="0" tests="6" name="selenium.adminPanelTest" time="46.725" errors="0" timestamp="2021-03-08T17:43:49 ICT" skipped="0">
  <testcase classname="selenium.adminPanelTest" name="loginAccount" time="10.530"/>
  <system-out/>
  <testcase classname="selenium.adminPanelTest" name="addUsersTest" time="10.776"/>
  <system-out/>
  <testcase classname="selenium.adminPanelTest" name="addUsersTest" time="10.831"/>
  <system-out/>
  <testcase classname="selenium.adminPanelTest" name="findUserTest" time="3.234"/>
  <system-out/>
  <testcase classname="selenium.adminPanelTest" name="editUsersTest" time="2.830"/>
  <system-out/>
  <testcase classname="selenium.adminPanelTest" name="editProductTest" time="8.524"/>
  <system-out/>
</testsuite> <!-- selenium.adminPanelTest -->
