<?xml version="1.0" encoding="UTF-8"?>
<!-- Generated by org.testng.reporters.JUnitReportReporter -->
<testsuite hostname="DESKTOP-3T7H487" failures="0" tests="9" name="selenium.orderTest" time="39.284" errors="0" timestamp="2021-03-08T17:43:49 ICT" skipped="0">
  <testcase classname="selenium.orderTest" name="loginAccount" time="10.816"/>
  <system-out/>
  <testcase classname="selenium.orderTest" name="addProductHetHangTest" time="5.512"/>
  <system-out/>
  <testcase classname="selenium.orderTest" name="addProductOKIndexTest" time="5.554"/>
  <system-out/>
  <testcase classname="selenium.orderTest" name="tangSPTest" time="1.551"/>
  <system-out/>
  <testcase classname="selenium.orderTest" name="giamSPTest" time="1.472"/>
  <system-out/>
  <testcase classname="selenium.orderTest" name="clearCartTest" time="1.436"/>
  <system-out/>
  <testcase classname="selenium.orderTest" name="addProductOKViewTest" time="3.939"/>
  <system-out/>
  <testcase classname="selenium.orderTest" name="checkoutOrderTest" time="4.937"/>
  <system-out/>
  <testcase classname="selenium.orderTest" name="addAddressToCheckoutTest" time="4.067"/>
  <system-out/>
</testsuite> <!-- selenium.orderTest -->
