<?xml version="1.0" encoding="UTF-8"?>
<!-- Generated by org.testng.reporters.JUnitReportReporter -->
<testsuite hostname="DESKTOP-3T7H487" failures="0" tests="4" name="selenium.homeTest" time="17.683" errors="0" timestamp="2021-03-08T17:43:49 ICT" skipped="0">
  <testcase classname="selenium.homeTest" name="loginThanhDepTrai" time="10.698"/>
  <system-out/>
  <testcase classname="selenium.homeTest" name="titleTest" time="1.016"/>
  <system-out/>
  <testcase classname="selenium.homeTest" name="filterProductTest" time="1.264"/>
  <system-out/>
  <testcase classname="selenium.homeTest" name="viewProductTest" time="4.705"/>
  <system-out/>
</testsuite> <!-- selenium.homeTest -->
