<?xml version="1.0" encoding="UTF-8"?>
<!-- Generated by org.testng.reporters.JUnitReportReporter -->
<testsuite hostname="DESKTOP-3T7H487" failures="0" tests="6" name="Firefox.adminPanelTest" time="44.743" errors="0" timestamp="2021-03-08T17:43:49 ICT" skipped="0">
  <testcase classname="Firefox.adminPanelTest" name="loginThanhDepTrai" time="9.993"/>
  <system-out/>
  <testcase classname="Firefox.adminPanelTest" name="addUsersTest" time="10.586"/>
  <system-out/>
  <testcase classname="Firefox.adminPanelTest" name="addUsersTest" time="10.398"/>
  <system-out/>
  <testcase classname="Firefox.adminPanelTest" name="findUserTest" time="3.111"/>
  <system-out/>
  <testcase classname="Firefox.adminPanelTest" name="editUsersTest" time="2.649"/>
  <system-out/>
  <testcase classname="Firefox.adminPanelTest" name="editProductTest" time="8.006"/>
  <system-out/>
</testsuite> <!-- Firefox.adminPanelTest -->
