<?xml version="1.0" encoding="UTF-8"?>
<!-- Generated by org.testng.reporters.JUnitReportReporter -->
<testsuite hostname="DESKTOP-3T7H487" failures="0" tests="4" name="selenium.orderPanelTest" time="19.138" errors="0" timestamp="2021-03-08T17:43:49 ICT" skipped="0">
  <testcase classname="selenium.orderPanelTest" name="loginAccount" time="9.598"/>
  <system-out/>
  <testcase classname="selenium.orderPanelTest" name="findProductTest" time="5.280"/>
  <system-out/>
  <testcase classname="selenium.orderPanelTest" name="editOrderTest" time="2.747"/>
  <system-out/>
  <testcase classname="selenium.orderPanelTest" name="deleteOrderTest" time="1.513"/>
  <system-out/>
</testsuite> <!-- selenium.orderPanelTest -->
